[INFO ] 2017-04-06 09:23:29.267 [DefaultTestContextBootstrapper] [main      ] - Loaded default TestExecutionListener class names from location [META-INF/spring.factories]: [org.springframework.test.context.web.ServletTestExecutionListener, org.springframework.test.context.support.DependencyInjectionTestExecutionListener, org.springframework.test.context.support.DirtiesContextTestExecutionListener, org.springframework.test.context.transaction.TransactionalTestExecutionListener, org.springframework.test.context.jdbc.SqlScriptsTestExecutionListener]
[INFO ] 2017-04-06 09:23:29.271 [DefaultTestContextBootstrapper] [main      ] - Could not instantiate TestExecutionListener [org.springframework.test.context.jdbc.SqlScriptsTestExecutionListener]. Specify custom listener classes or make the default listener classes (and their required dependencies) available. Offending class: [org/springframework/transaction/interceptor/TransactionAttribute]
[INFO ] 2017-04-06 09:23:29.273 [DefaultTestContextBootstrapper] [main      ] - Could not instantiate TestExecutionListener [org.springframework.test.context.transaction.TransactionalTestExecutionListener]. Specify custom listener classes or make the default listener classes (and their required dependencies) available. Offending class: [org/springframework/transaction/interceptor/TransactionAttributeSource]
[INFO ] 2017-04-06 09:23:29.275 [DefaultTestContextBootstrapper] [main      ] - Could not instantiate TestExecutionListener [org.springframework.test.context.web.ServletTestExecutionListener]. Specify custom listener classes or make the default listener classes (and their required dependencies) available. Offending class: [org/springframework/web/context/request/RequestAttributes]
[INFO ] 2017-04-06 09:23:29.276 [DefaultTestContextBootstrapper] [main      ] - Using TestExecutionListeners: [org.springframework.test.context.support.DependencyInjectionTestExecutionListener@14a55f2, org.springframework.test.context.support.DirtiesContextTestExecutionListener@15093f1]
[INFO ] 2017-04-06 09:23:29.395 [XmlBeanDefinitionReader] [main      ] - Loading XML bean definitions from class path resource [spring-config.xml]
[INFO ] 2017-04-06 09:23:29.588 [GenericApplicationContext] [main      ] - Refreshing org.springframework.context.support.GenericApplicationContext@96cf11: startup date [Thu Apr 06 09:23:29 CST 2017]; root of context hierarchy
[INFO ] 2017-04-06 09:23:29.690 [GenericApplicationContext] [Thread-0  ] - Closing org.springframework.context.support.GenericApplicationContext@96cf11: startup date [Thu Apr 06 09:23:29 CST 2017]; root of context hierarchy
[INFO ] 2017-04-06 09:29:55.516 [DefaultTestContextBootstrapper] [main      ] - Loaded default TestExecutionListener class names from location [META-INF/spring.factories]: [org.springframework.test.context.web.ServletTestExecutionListener, org.springframework.test.context.support.DependencyInjectionTestExecutionListener, org.springframework.test.context.support.DirtiesContextTestExecutionListener, org.springframework.test.context.transaction.TransactionalTestExecutionListener, org.springframework.test.context.jdbc.SqlScriptsTestExecutionListener]
[INFO ] 2017-04-06 09:29:55.522 [DefaultTestContextBootstrapper] [main      ] - Could not instantiate TestExecutionListener [org.springframework.test.context.web.ServletTestExecutionListener]. Specify custom listener classes or make the default listener classes (and their required dependencies) available. Offending class: [org/springframework/web/context/request/RequestAttributes]
[INFO ] 2017-04-06 09:29:55.523 [DefaultTestContextBootstrapper] [main      ] - Could not instantiate TestExecutionListener [org.springframework.test.context.transaction.TransactionalTestExecutionListener]. Specify custom listener classes or make the default listener classes (and their required dependencies) available. Offending class: [org/springframework/transaction/interceptor/TransactionAttributeSource]
[INFO ] 2017-04-06 09:29:55.524 [DefaultTestContextBootstrapper] [main      ] - Could not instantiate TestExecutionListener [org.springframework.test.context.jdbc.SqlScriptsTestExecutionListener]. Specify custom listener classes or make the default listener classes (and their required dependencies) available. Offending class: [org/springframework/transaction/interceptor/TransactionAttribute]
[INFO ] 2017-04-06 09:29:55.525 [DefaultTestContextBootstrapper] [main      ] - Using TestExecutionListeners: [org.springframework.test.context.support.DependencyInjectionTestExecutionListener@5e55ab, org.springframework.test.context.support.DirtiesContextTestExecutionListener@14a55f2]
[INFO ] 2017-04-06 09:29:55.669 [XmlBeanDefinitionReader] [main      ] - Loading XML bean definitions from class path resource [spring-config.xml]
[INFO ] 2017-04-06 09:29:55.893 [GenericApplicationContext] [main      ] - Refreshing org.springframework.context.support.GenericApplicationContext@1313906: startup date [Thu Apr 06 09:29:55 CST 2017]; root of context hierarchy
[INFO ] 2017-04-06 09:29:56.015 [GenericApplicationContext] [Thread-0  ] - Closing org.springframework.context.support.GenericApplicationContext@1313906: startup date [Thu Apr 06 09:29:55 CST 2017]; root of context hierarchy
[INFO ] 2017-04-06 10:15:41.329 [DefaultTestContextBootstrapper] [main      ] - Loaded default TestExecutionListener class names from location [META-INF/spring.factories]: [org.springframework.test.context.web.ServletTestExecutionListener, org.springframework.test.context.support.DependencyInjectionTestExecutionListener, org.springframework.test.context.support.DirtiesContextTestExecutionListener, org.springframework.test.context.transaction.TransactionalTestExecutionListener, org.springframework.test.context.jdbc.SqlScriptsTestExecutionListener]
[INFO ] 2017-04-06 10:15:41.343 [DefaultTestContextBootstrapper] [main      ] - Could not instantiate TestExecutionListener [org.springframework.test.context.web.ServletTestExecutionListener]. Specify custom listener classes or make the default listener classes (and their required dependencies) available. Offending class: [org/springframework/web/context/request/RequestAttributes]
[INFO ] 2017-04-06 10:15:41.344 [DefaultTestContextBootstrapper] [main      ] - Could not instantiate TestExecutionListener [org.springframework.test.context.transaction.TransactionalTestExecutionListener]. Specify custom listener classes or make the default listener classes (and their required dependencies) available. Offending class: [org/springframework/transaction/interceptor/TransactionAttributeSource]
[INFO ] 2017-04-06 10:15:41.353 [DefaultTestContextBootstrapper] [main      ] - Could not instantiate TestExecutionListener [org.springframework.test.context.jdbc.SqlScriptsTestExecutionListener]. Specify custom listener classes or make the default listener classes (and their required dependencies) available. Offending class: [org/springframework/transaction/interceptor/TransactionAttribute]
[INFO ] 2017-04-06 10:15:41.354 [DefaultTestContextBootstrapper] [main      ] - Using TestExecutionListeners: [org.springframework.test.context.support.DependencyInjectionTestExecutionListener@5e55ab, org.springframework.test.context.support.DirtiesContextTestExecutionListener@14a55f2]
[INFO ] 2017-04-06 10:15:41.499 [XmlBeanDefinitionReader] [main      ] - Loading XML bean definitions from class path resource [spring-config.xml]
[INFO ] 2017-04-06 10:15:41.644 [GenericApplicationContext] [main      ] - Refreshing org.springframework.context.support.GenericApplicationContext@1313906: startup date [Thu Apr 06 10:15:41 CST 2017]; root of context hierarchy
[ERROR] 2017-04-06 10:15:41.751 [TestContextManager] [main      ] - Caught exception while allowing TestExecutionListener [org.springframework.test.context.support.DependencyInjectionTestExecutionListener@5e55ab] to prepare test instance [com.studying.demo.SpringAppTests@1b01afa]
org.springframework.beans.factory.BeanCreationException: Error creating bean with name 'com.studying.demo.SpringAppTests': Injection of autowired dependencies failed; nested exception is org.springframework.beans.factory.BeanCreationException: Could not autowire field: private com.studying.demo.HelloService com.studying.demo.SpringAppTests.helloService; nested exception is org.springframework.beans.factory.NoSuchBeanDefinitionException: No qualifying bean of type [com.studying.demo.HelloService] found for dependency: expected at least 1 bean which qualifies as autowire candidate for this dependency. Dependency annotations: {@org.springframework.beans.factory.annotation.Autowired(required=true)}
	at org.springframework.beans.factory.annotation.AutowiredAnnotationBeanPostProcessor.postProcessPropertyValues(AutowiredAnnotationBeanPostProcessor.java:334)
	at org.springframework.beans.factory.support.AbstractAutowireCapableBeanFactory.populateBean(AbstractAutowireCapableBeanFactory.java:1204)
	at org.springframework.beans.factory.support.AbstractAutowireCapableBeanFactory.autowireBeanProperties(AbstractAutowireCapableBeanFactory.java:385)
	at org.springframework.test.context.support.DependencyInjectionTestExecutionListener.injectDependencies(DependencyInjectionTestExecutionListener.java:117)
	at org.springframework.test.context.support.DependencyInjectionTestExecutionListener.prepareTestInstance(DependencyInjectionTestExecutionListener.java:82)
	at org.springframework.test.context.TestContextManager.prepareTestInstance(TestContextManager.java:212)
	at org.springframework.test.context.junit4.SpringJUnit4ClassRunner.createTest(SpringJUnit4ClassRunner.java:199)
	at org.springframework.test.context.junit4.SpringJUnit4ClassRunner$1.runReflectiveCall(SpringJUnit4ClassRunner.java:251)
	at org.junit.internal.runners.model.ReflectiveCallable.run(ReflectiveCallable.java:12)
	at org.springframework.test.context.junit4.SpringJUnit4ClassRunner.methodBlock(SpringJUnit4ClassRunner.java:253)
	at org.springframework.test.context.junit4.SpringJUnit4ClassRunner.runChild(SpringJUnit4ClassRunner.java:216)
	at org.springframework.test.context.junit4.SpringJUnit4ClassRunner.runChild(SpringJUnit4ClassRunner.java:82)
	at org.junit.runners.ParentRunner$3.run(ParentRunner.java:238)
	at org.junit.runners.ParentRunner$1.schedule(ParentRunner.java:63)
	at org.junit.runners.ParentRunner.runChildren(ParentRunner.java:236)
	at org.junit.runners.ParentRunner.access$000(ParentRunner.java:53)
	at org.junit.runners.ParentRunner$2.evaluate(ParentRunner.java:229)
	at org.springframework.test.context.junit4.statements.RunBeforeTestClassCallbacks.evaluate(RunBeforeTestClassCallbacks.java:60)
	at org.springframework.test.context.junit4.statements.RunAfterTestClassCallbacks.evaluate(RunAfterTestClassCallbacks.java:67)
	at org.junit.runners.ParentRunner.run(ParentRunner.java:309)
	at org.springframework.test.context.junit4.SpringJUnit4ClassRunner.run(SpringJUnit4ClassRunner.java:162)
	at org.junit.runner.JUnitCore.run(JUnitCore.java:160)
	at com.intellij.junit4.JUnit4IdeaTestRunner.startRunnerWithArgs(JUnit4IdeaTestRunner.java:78)
	at com.intellij.rt.execution.junit.JUnitStarter.prepareStreamsAndStart(JUnitStarter.java:212)
	at com.intellij.rt.execution.junit.JUnitStarter.main(JUnitStarter.java:68)
	at sun.reflect.NativeMethodAccessorImpl.invoke0(Native Method)
	at sun.reflect.NativeMethodAccessorImpl.invoke(NativeMethodAccessorImpl.java:39)
	at sun.reflect.DelegatingMethodAccessorImpl.invoke(DelegatingMethodAccessorImpl.java:25)
	at java.lang.reflect.Method.invoke(Method.java:597)
	at com.intellij.rt.execution.application.AppMain.main(AppMain.java:140)
Caused by: org.springframework.beans.factory.BeanCreationException: Could not autowire field: private com.studying.demo.HelloService com.studying.demo.SpringAppTests.helloService; nested exception is org.springframework.beans.factory.NoSuchBeanDefinitionException: No qualifying bean of type [com.studying.demo.HelloService] found for dependency: expected at least 1 bean which qualifies as autowire candidate for this dependency. Dependency annotations: {@org.springframework.beans.factory.annotation.Autowired(required=true)}
	at org.springframework.beans.factory.annotation.AutowiredAnnotationBeanPostProcessor$AutowiredFieldElement.inject(AutowiredAnnotationBeanPostProcessor.java:555)
	at org.springframework.beans.factory.annotation.InjectionMetadata.inject(InjectionMetadata.java:87)
	at org.springframework.beans.factory.annotation.AutowiredAnnotationBeanPostProcessor.postProcessPropertyValues(AutowiredAnnotationBeanPostProcessor.java:331)
	... 29 more
Caused by: org.springframework.beans.factory.NoSuchBeanDefinitionException: No qualifying bean of type [com.studying.demo.HelloService] found for dependency: expected at least 1 bean which qualifies as autowire candidate for this dependency. Dependency annotations: {@org.springframework.beans.factory.annotation.Autowired(required=true)}
	at org.springframework.beans.factory.support.DefaultListableBeanFactory.raiseNoSuchBeanDefinitionException(DefaultListableBeanFactory.java:1261)
	at org.springframework.beans.factory.support.DefaultListableBeanFactory.doResolveDependency(DefaultListableBeanFactory.java:1009)
	at org.springframework.beans.factory.support.DefaultListableBeanFactory.resolveDependency(DefaultListableBeanFactory.java:904)
	at org.springframework.beans.factory.annotation.AutowiredAnnotationBeanPostProcessor$AutowiredFieldElement.inject(AutowiredAnnotationBeanPostProcessor.java:527)
	... 31 more
[INFO ] 2017-04-06 10:15:41.774 [GenericApplicationContext] [Thread-0  ] - Closing org.springframework.context.support.GenericApplicationContext@1313906: startup date [Thu Apr 06 10:15:41 CST 2017]; root of context hierarchy
[INFO ] 2017-04-06 10:22:59.153 [DefaultTestContextBootstrapper] [main      ] - Loaded default TestExecutionListener class names from location [META-INF/spring.factories]: [org.springframework.test.context.web.ServletTestExecutionListener, org.springframework.test.context.support.DependencyInjectionTestExecutionListener, org.springframework.test.context.support.DirtiesContextTestExecutionListener, org.springframework.test.context.transaction.TransactionalTestExecutionListener, org.springframework.test.context.jdbc.SqlScriptsTestExecutionListener]
[INFO ] 2017-04-06 10:22:59.159 [DefaultTestContextBootstrapper] [main      ] - Could not instantiate TestExecutionListener [org.springframework.test.context.jdbc.SqlScriptsTestExecutionListener]. Specify custom listener classes or make the default listener classes (and their required dependencies) available. Offending class: [org/springframework/transaction/interceptor/TransactionAttribute]
[INFO ] 2017-04-06 10:22:59.161 [DefaultTestContextBootstrapper] [main      ] - Could not instantiate TestExecutionListener [org.springframework.test.context.transaction.TransactionalTestExecutionListener]. Specify custom listener classes or make the default listener classes (and their required dependencies) available. Offending class: [org/springframework/transaction/interceptor/TransactionAttributeSource]
[INFO ] 2017-04-06 10:22:59.163 [DefaultTestContextBootstrapper] [main      ] - Could not instantiate TestExecutionListener [org.springframework.test.context.web.ServletTestExecutionListener]. Specify custom listener classes or make the default listener classes (and their required dependencies) available. Offending class: [org/springframework/web/context/request/RequestAttributes]
[INFO ] 2017-04-06 10:22:59.165 [DefaultTestContextBootstrapper] [main      ] - Using TestExecutionListeners: [org.springframework.test.context.support.DependencyInjectionTestExecutionListener@14a55f2, org.springframework.test.context.support.DirtiesContextTestExecutionListener@15093f1]
[INFO ] 2017-04-06 10:22:59.351 [GenericApplicationContext] [main      ] - Refreshing org.springframework.context.support.GenericApplicationContext@f47bf5: startup date [Thu Apr 06 10:22:59 CST 2017]; root of context hierarchy
[ERROR] 2017-04-06 10:22:59.602 [TestContextManager] [main      ] - Caught exception while allowing TestExecutionListener [org.springframework.test.context.support.DependencyInjectionTestExecutionListener@14a55f2] to prepare test instance [com.studying.demo.SpringAppTests@ebcdbb]
org.springframework.beans.factory.BeanCreationException: Error creating bean with name 'com.studying.demo.SpringAppTests': Injection of autowired dependencies failed; nested exception is org.springframework.beans.factory.BeanCreationException: Could not autowire field: private com.studying.demo.HelloService com.studying.demo.SpringAppTests.helloService; nested exception is org.springframework.beans.factory.NoSuchBeanDefinitionException: No qualifying bean of type [com.studying.demo.HelloService] found for dependency: expected at least 1 bean which qualifies as autowire candidate for this dependency. Dependency annotations: {@org.springframework.beans.factory.annotation.Autowired(required=true)}
	at org.springframework.beans.factory.annotation.AutowiredAnnotationBeanPostProcessor.postProcessPropertyValues(AutowiredAnnotationBeanPostProcessor.java:334)
	at org.springframework.beans.factory.support.AbstractAutowireCapableBeanFactory.populateBean(AbstractAutowireCapableBeanFactory.java:1204)
	at org.springframework.beans.factory.support.AbstractAutowireCapableBeanFactory.autowireBeanProperties(AbstractAutowireCapableBeanFactory.java:385)
	at org.springframework.test.context.support.DependencyInjectionTestExecutionListener.injectDependencies(DependencyInjectionTestExecutionListener.java:117)
	at org.springframework.test.context.support.DependencyInjectionTestExecutionListener.prepareTestInstance(DependencyInjectionTestExecutionListener.java:82)
	at org.springframework.test.context.TestContextManager.prepareTestInstance(TestContextManager.java:212)
	at org.springframework.test.context.junit4.SpringJUnit4ClassRunner.createTest(SpringJUnit4ClassRunner.java:199)
	at org.springframework.test.context.junit4.SpringJUnit4ClassRunner$1.runReflectiveCall(SpringJUnit4ClassRunner.java:251)
	at org.junit.internal.runners.model.ReflectiveCallable.run(ReflectiveCallable.java:12)
	at org.springframework.test.context.junit4.SpringJUnit4ClassRunner.methodBlock(SpringJUnit4ClassRunner.java:253)
	at org.springframework.test.context.junit4.SpringJUnit4ClassRunner.runChild(SpringJUnit4ClassRunner.java:216)
	at org.springframework.test.context.junit4.SpringJUnit4ClassRunner.runChild(SpringJUnit4ClassRunner.java:82)
	at org.junit.runners.ParentRunner$3.run(ParentRunner.java:238)
	at org.junit.runners.ParentRunner$1.schedule(ParentRunner.java:63)
	at org.junit.runners.ParentRunner.runChildren(ParentRunner.java:236)
	at org.junit.runners.ParentRunner.access$000(ParentRunner.java:53)
	at org.junit.runners.ParentRunner$2.evaluate(ParentRunner.java:229)
	at org.springframework.test.context.junit4.statements.RunBeforeTestClassCallbacks.evaluate(RunBeforeTestClassCallbacks.java:60)
	at org.springframework.test.context.junit4.statements.RunAfterTestClassCallbacks.evaluate(RunAfterTestClassCallbacks.java:67)
	at org.junit.runners.ParentRunner.run(ParentRunner.java:309)
	at org.springframework.test.context.junit4.SpringJUnit4ClassRunner.run(SpringJUnit4ClassRunner.java:162)
	at org.junit.runner.JUnitCore.run(JUnitCore.java:160)
	at com.intellij.junit4.JUnit4IdeaTestRunner.startRunnerWithArgs(JUnit4IdeaTestRunner.java:78)
	at com.intellij.rt.execution.junit.JUnitStarter.prepareStreamsAndStart(JUnitStarter.java:212)
	at com.intellij.rt.execution.junit.JUnitStarter.main(JUnitStarter.java:68)
	at sun.reflect.NativeMethodAccessorImpl.invoke0(Native Method)
	at sun.reflect.NativeMethodAccessorImpl.invoke(NativeMethodAccessorImpl.java:39)
	at sun.reflect.DelegatingMethodAccessorImpl.invoke(DelegatingMethodAccessorImpl.java:25)
	at java.lang.reflect.Method.invoke(Method.java:597)
	at com.intellij.rt.execution.application.AppMain.main(AppMain.java:140)
Caused by: org.springframework.beans.factory.BeanCreationException: Could not autowire field: private com.studying.demo.HelloService com.studying.demo.SpringAppTests.helloService; nested exception is org.springframework.beans.factory.NoSuchBeanDefinitionException: No qualifying bean of type [com.studying.demo.HelloService] found for dependency: expected at least 1 bean which qualifies as autowire candidate for this dependency. Dependency annotations: {@org.springframework.beans.factory.annotation.Autowired(required=true)}
	at org.springframework.beans.factory.annotation.AutowiredAnnotationBeanPostProcessor$AutowiredFieldElement.inject(AutowiredAnnotationBeanPostProcessor.java:555)
	at org.springframework.beans.factory.annotation.InjectionMetadata.inject(InjectionMetadata.java:87)
	at org.springframework.beans.factory.annotation.AutowiredAnnotationBeanPostProcessor.postProcessPropertyValues(AutowiredAnnotationBeanPostProcessor.java:331)
	... 29 more
Caused by: org.springframework.beans.factory.NoSuchBeanDefinitionException: No qualifying bean of type [com.studying.demo.HelloService] found for dependency: expected at least 1 bean which qualifies as autowire candidate for this dependency. Dependency annotations: {@org.springframework.beans.factory.annotation.Autowired(required=true)}
	at org.springframework.beans.factory.support.DefaultListableBeanFactory.raiseNoSuchBeanDefinitionException(DefaultListableBeanFactory.java:1261)
	at org.springframework.beans.factory.support.DefaultListableBeanFactory.doResolveDependency(DefaultListableBeanFactory.java:1009)
	at org.springframework.beans.factory.support.DefaultListableBeanFactory.resolveDependency(DefaultListableBeanFactory.java:904)
	at org.springframework.beans.factory.annotation.AutowiredAnnotationBeanPostProcessor$AutowiredFieldElement.inject(AutowiredAnnotationBeanPostProcessor.java:527)
	... 31 more
[INFO ] 2017-04-06 10:22:59.619 [GenericApplicationContext] [Thread-0  ] - Closing org.springframework.context.support.GenericApplicationContext@f47bf5: startup date [Thu Apr 06 10:22:59 CST 2017]; root of context hierarchy
[INFO ] 2017-04-06 10:24:30.001 [DefaultTestContextBootstrapper] [main      ] - Loaded default TestExecutionListener class names from location [META-INF/spring.factories]: [org.springframework.test.context.web.ServletTestExecutionListener, org.springframework.test.context.support.DependencyInjectionTestExecutionListener, org.springframework.test.context.support.DirtiesContextTestExecutionListener, org.springframework.test.context.transaction.TransactionalTestExecutionListener, org.springframework.test.context.jdbc.SqlScriptsTestExecutionListener]
[INFO ] 2017-04-06 10:24:30.009 [DefaultTestContextBootstrapper] [main      ] - Could not instantiate TestExecutionListener [org.springframework.test.context.jdbc.SqlScriptsTestExecutionListener]. Specify custom listener classes or make the default listener classes (and their required dependencies) available. Offending class: [org/springframework/transaction/interceptor/TransactionAttribute]
[INFO ] 2017-04-06 10:24:30.012 [DefaultTestContextBootstrapper] [main      ] - Could not instantiate TestExecutionListener [org.springframework.test.context.web.ServletTestExecutionListener]. Specify custom listener classes or make the default listener classes (and their required dependencies) available. Offending class: [org/springframework/web/context/request/RequestAttributes]
[INFO ] 2017-04-06 10:24:30.012 [DefaultTestContextBootstrapper] [main      ] - Could not instantiate TestExecutionListener [org.springframework.test.context.transaction.TransactionalTestExecutionListener]. Specify custom listener classes or make the default listener classes (and their required dependencies) available. Offending class: [org/springframework/transaction/interceptor/TransactionAttributeSource]
[INFO ] 2017-04-06 10:24:30.014 [DefaultTestContextBootstrapper] [main      ] - Using TestExecutionListeners: [org.springframework.test.context.support.DependencyInjectionTestExecutionListener@15093f1, org.springframework.test.context.support.DirtiesContextTestExecutionListener@120bf2c]
[INFO ] 2017-04-06 10:24:30.203 [GenericApplicationContext] [main      ] - Refreshing org.springframework.context.support.GenericApplicationContext@f47bf5: startup date [Thu Apr 06 10:24:30 CST 2017]; root of context hierarchy
[ERROR] 2017-04-06 10:24:30.489 [TestContextManager] [main      ] - Caught exception while allowing TestExecutionListener [org.springframework.test.context.support.DependencyInjectionTestExecutionListener@15093f1] to prepare test instance [com.studying.demo.SpringAppTests@183e7de]
org.springframework.beans.factory.BeanCreationException: Error creating bean with name 'com.studying.demo.SpringAppTests': Injection of autowired dependencies failed; nested exception is org.springframework.beans.factory.BeanCreationException: Could not autowire field: private com.studying.demo.HelloService com.studying.demo.SpringAppTests.helloService; nested exception is org.springframework.beans.factory.NoSuchBeanDefinitionException: No qualifying bean of type [com.studying.demo.HelloService] found for dependency: expected at least 1 bean which qualifies as autowire candidate for this dependency. Dependency annotations: {@org.springframework.beans.factory.annotation.Autowired(required=true)}
	at org.springframework.beans.factory.annotation.AutowiredAnnotationBeanPostProcessor.postProcessPropertyValues(AutowiredAnnotationBeanPostProcessor.java:334)
	at org.springframework.beans.factory.support.AbstractAutowireCapableBeanFactory.populateBean(AbstractAutowireCapableBeanFactory.java:1204)
	at org.springframework.beans.factory.support.AbstractAutowireCapableBeanFactory.autowireBeanProperties(AbstractAutowireCapableBeanFactory.java:385)
	at org.springframework.test.context.support.DependencyInjectionTestExecutionListener.injectDependencies(DependencyInjectionTestExecutionListener.java:117)
	at org.springframework.test.context.support.DependencyInjectionTestExecutionListener.prepareTestInstance(DependencyInjectionTestExecutionListener.java:82)
	at org.springframework.test.context.TestContextManager.prepareTestInstance(TestContextManager.java:212)
	at org.springframework.test.context.junit4.SpringJUnit4ClassRunner.createTest(SpringJUnit4ClassRunner.java:199)
	at org.springframework.test.context.junit4.SpringJUnit4ClassRunner$1.runReflectiveCall(SpringJUnit4ClassRunner.java:251)
	at org.junit.internal.runners.model.ReflectiveCallable.run(ReflectiveCallable.java:12)
	at org.springframework.test.context.junit4.SpringJUnit4ClassRunner.methodBlock(SpringJUnit4ClassRunner.java:253)
	at org.springframework.test.context.junit4.SpringJUnit4ClassRunner.runChild(SpringJUnit4ClassRunner.java:216)
	at org.springframework.test.context.junit4.SpringJUnit4ClassRunner.runChild(SpringJUnit4ClassRunner.java:82)
	at org.junit.runners.ParentRunner$3.run(ParentRunner.java:238)
	at org.junit.runners.ParentRunner$1.schedule(ParentRunner.java:63)
	at org.junit.runners.ParentRunner.runChildren(ParentRunner.java:236)
	at org.junit.runners.ParentRunner.access$000(ParentRunner.java:53)
	at org.junit.runners.ParentRunner$2.evaluate(ParentRunner.java:229)
	at org.springframework.test.context.junit4.statements.RunBeforeTestClassCallbacks.evaluate(RunBeforeTestClassCallbacks.java:60)
	at org.springframework.test.context.junit4.statements.RunAfterTestClassCallbacks.evaluate(RunAfterTestClassCallbacks.java:67)
	at org.junit.runners.ParentRunner.run(ParentRunner.java:309)
	at org.springframework.test.context.junit4.SpringJUnit4ClassRunner.run(SpringJUnit4ClassRunner.java:162)
	at org.junit.runner.JUnitCore.run(JUnitCore.java:160)
	at com.intellij.junit4.JUnit4IdeaTestRunner.startRunnerWithArgs(JUnit4IdeaTestRunner.java:78)
	at com.intellij.rt.execution.junit.JUnitStarter.prepareStreamsAndStart(JUnitStarter.java:212)
	at com.intellij.rt.execution.junit.JUnitStarter.main(JUnitStarter.java:68)
	at sun.reflect.NativeMethodAccessorImpl.invoke0(Native Method)
	at sun.reflect.NativeMethodAccessorImpl.invoke(NativeMethodAccessorImpl.java:39)
	at sun.reflect.DelegatingMethodAccessorImpl.invoke(DelegatingMethodAccessorImpl.java:25)
	at java.lang.reflect.Method.invoke(Method.java:597)
	at com.intellij.rt.execution.application.AppMain.main(AppMain.java:140)
Caused by: org.springframework.beans.factory.BeanCreationException: Could not autowire field: private com.studying.demo.HelloService com.studying.demo.SpringAppTests.helloService; nested exception is org.springframework.beans.factory.NoSuchBeanDefinitionException: No qualifying bean of type [com.studying.demo.HelloService] found for dependency: expected at least 1 bean which qualifies as autowire candidate for this dependency. Dependency annotations: {@org.springframework.beans.factory.annotation.Autowired(required=true)}
	at org.springframework.beans.factory.annotation.AutowiredAnnotationBeanPostProcessor$AutowiredFieldElement.inject(AutowiredAnnotationBeanPostProcessor.java:555)
	at org.springframework.beans.factory.annotation.InjectionMetadata.inject(InjectionMetadata.java:87)
	at org.springframework.beans.factory.annotation.AutowiredAnnotationBeanPostProcessor.postProcessPropertyValues(AutowiredAnnotationBeanPostProcessor.java:331)
	... 29 more
Caused by: org.springframework.beans.factory.NoSuchBeanDefinitionException: No qualifying bean of type [com.studying.demo.HelloService] found for dependency: expected at least 1 bean which qualifies as autowire candidate for this dependency. Dependency annotations: {@org.springframework.beans.factory.annotation.Autowired(required=true)}
	at org.springframework.beans.factory.support.DefaultListableBeanFactory.raiseNoSuchBeanDefinitionException(DefaultListableBeanFactory.java:1261)
	at org.springframework.beans.factory.support.DefaultListableBeanFactory.doResolveDependency(DefaultListableBeanFactory.java:1009)
	at org.springframework.beans.factory.support.DefaultListableBeanFactory.resolveDependency(DefaultListableBeanFactory.java:904)
	at org.springframework.beans.factory.annotation.AutowiredAnnotationBeanPostProcessor$AutowiredFieldElement.inject(AutowiredAnnotationBeanPostProcessor.java:527)
	... 31 more
[INFO ] 2017-04-06 10:24:30.504 [GenericApplicationContext] [Thread-0  ] - Closing org.springframework.context.support.GenericApplicationContext@f47bf5: startup date [Thu Apr 06 10:24:30 CST 2017]; root of context hierarchy
[INFO ] 2017-04-06 10:24:46.903 [DefaultTestContextBootstrapper] [main      ] - Loaded default TestExecutionListener class names from location [META-INF/spring.factories]: [org.springframework.test.context.web.ServletTestExecutionListener, org.springframework.test.context.support.DependencyInjectionTestExecutionListener, org.springframework.test.context.support.DirtiesContextTestExecutionListener, org.springframework.test.context.transaction.TransactionalTestExecutionListener, org.springframework.test.context.jdbc.SqlScriptsTestExecutionListener]
[INFO ] 2017-04-06 10:24:46.909 [DefaultTestContextBootstrapper] [main      ] - Could not instantiate TestExecutionListener [org.springframework.test.context.jdbc.SqlScriptsTestExecutionListener]. Specify custom listener classes or make the default listener classes (and their required dependencies) available. Offending class: [org/springframework/transaction/interceptor/TransactionAttribute]
[INFO ] 2017-04-06 10:24:46.911 [DefaultTestContextBootstrapper] [main      ] - Could not instantiate TestExecutionListener [org.springframework.test.context.web.ServletTestExecutionListener]. Specify custom listener classes or make the default listener classes (and their required dependencies) available. Offending class: [org/springframework/web/context/request/RequestAttributes]
[INFO ] 2017-04-06 10:24:46.912 [DefaultTestContextBootstrapper] [main      ] - Could not instantiate TestExecutionListener [org.springframework.test.context.transaction.TransactionalTestExecutionListener]. Specify custom listener classes or make the default listener classes (and their required dependencies) available. Offending class: [org/springframework/transaction/interceptor/TransactionAttributeSource]
[INFO ] 2017-04-06 10:24:46.913 [DefaultTestContextBootstrapper] [main      ] - Using TestExecutionListeners: [org.springframework.test.context.support.DependencyInjectionTestExecutionListener@15093f1, org.springframework.test.context.support.DirtiesContextTestExecutionListener@120bf2c]
[INFO ] 2017-04-06 10:24:47.114 [GenericApplicationContext] [main      ] - Refreshing org.springframework.context.support.GenericApplicationContext@f47bf5: startup date [Thu Apr 06 10:24:47 CST 2017]; root of context hierarchy
[INFO ] 2017-04-06 10:24:47.397 [GenericApplicationContext] [Thread-0  ] - Closing org.springframework.context.support.GenericApplicationContext@f47bf5: startup date [Thu Apr 06 10:24:47 CST 2017]; root of context hierarchy
[INFO ] 2017-04-06 10:25:14.239 [DefaultTestContextBootstrapper] [main      ] - Loaded default TestExecutionListener class names from location [META-INF/spring.factories]: [org.springframework.test.context.web.ServletTestExecutionListener, org.springframework.test.context.support.DependencyInjectionTestExecutionListener, org.springframework.test.context.support.DirtiesContextTestExecutionListener, org.springframework.test.context.transaction.TransactionalTestExecutionListener, org.springframework.test.context.jdbc.SqlScriptsTestExecutionListener]
[INFO ] 2017-04-06 10:25:14.245 [DefaultTestContextBootstrapper] [main      ] - Could not instantiate TestExecutionListener [org.springframework.test.context.web.ServletTestExecutionListener]. Specify custom listener classes or make the default listener classes (and their required dependencies) available. Offending class: [org/springframework/web/context/request/RequestAttributes]
[INFO ] 2017-04-06 10:25:14.245 [DefaultTestContextBootstrapper] [main      ] - Could not instantiate TestExecutionListener [org.springframework.test.context.transaction.TransactionalTestExecutionListener]. Specify custom listener classes or make the default listener classes (and their required dependencies) available. Offending class: [org/springframework/transaction/interceptor/TransactionAttributeSource]
[INFO ] 2017-04-06 10:25:14.247 [DefaultTestContextBootstrapper] [main      ] - Could not instantiate TestExecutionListener [org.springframework.test.context.jdbc.SqlScriptsTestExecutionListener]. Specify custom listener classes or make the default listener classes (and their required dependencies) available. Offending class: [org/springframework/transaction/interceptor/TransactionAttribute]
[INFO ] 2017-04-06 10:25:14.251 [DefaultTestContextBootstrapper] [main      ] - Using TestExecutionListeners: [org.springframework.test.context.support.DependencyInjectionTestExecutionListener@5e55ab, org.springframework.test.context.support.DirtiesContextTestExecutionListener@14a55f2]
[INFO ] 2017-04-06 10:25:14.426 [GenericApplicationContext] [main      ] - Refreshing org.springframework.context.support.GenericApplicationContext@1313906: startup date [Thu Apr 06 10:25:14 CST 2017]; root of context hierarchy
[INFO ] 2017-04-06 10:25:14.710 [GenericApplicationContext] [Thread-0  ] - Closing org.springframework.context.support.GenericApplicationContext@1313906: startup date [Thu Apr 06 10:25:14 CST 2017]; root of context hierarchy
[INFO ] 2017-04-06 10:29:43.702 [DefaultTestContextBootstrapper] [main      ] - Loaded default TestExecutionListener class names from location [META-INF/spring.factories]: [org.springframework.test.context.web.ServletTestExecutionListener, org.springframework.test.context.support.DependencyInjectionTestExecutionListener, org.springframework.test.context.support.DirtiesContextTestExecutionListener, org.springframework.test.context.transaction.TransactionalTestExecutionListener, org.springframework.test.context.jdbc.SqlScriptsTestExecutionListener]
[INFO ] 2017-04-06 10:29:43.713 [DefaultTestContextBootstrapper] [main      ] - Could not instantiate TestExecutionListener [org.springframework.test.context.jdbc.SqlScriptsTestExecutionListener]. Specify custom listener classes or make the default listener classes (and their required dependencies) available. Offending class: [org/springframework/transaction/interceptor/TransactionAttribute]
[INFO ] 2017-04-06 10:29:43.718 [DefaultTestContextBootstrapper] [main      ] - Could not instantiate TestExecutionListener [org.springframework.test.context.web.ServletTestExecutionListener]. Specify custom listener classes or make the default listener classes (and their required dependencies) available. Offending class: [org/springframework/web/context/request/RequestAttributes]
[INFO ] 2017-04-06 10:29:43.719 [DefaultTestContextBootstrapper] [main      ] - Could not instantiate TestExecutionListener [org.springframework.test.context.transaction.TransactionalTestExecutionListener]. Specify custom listener classes or make the default listener classes (and their required dependencies) available. Offending class: [org/springframework/transaction/interceptor/TransactionAttributeSource]
[INFO ] 2017-04-06 10:29:43.721 [DefaultTestContextBootstrapper] [main      ] - Using TestExecutionListeners: [org.springframework.test.context.support.DependencyInjectionTestExecutionListener@15093f1, org.springframework.test.context.support.DirtiesContextTestExecutionListener@120bf2c]
[INFO ] 2017-04-06 10:29:43.927 [GenericApplicationContext] [main      ] - Refreshing org.springframework.context.support.GenericApplicationContext@f6438d: startup date [Thu Apr 06 10:29:43 CST 2017]; root of context hierarchy
[INFO ] 2017-04-06 10:29:44.237 [GenericApplicationContext] [Thread-0  ] - Closing org.springframework.context.support.GenericApplicationContext@f6438d: startup date [Thu Apr 06 10:29:43 CST 2017]; root of context hierarchy
[INFO ] 2017-04-06 10:29:59.149 [DefaultTestContextBootstrapper] [main      ] - Loaded default TestExecutionListener class names from location [META-INF/spring.factories]: [org.springframework.test.context.web.ServletTestExecutionListener, org.springframework.test.context.support.DependencyInjectionTestExecutionListener, org.springframework.test.context.support.DirtiesContextTestExecutionListener, org.springframework.test.context.transaction.TransactionalTestExecutionListener, org.springframework.test.context.jdbc.SqlScriptsTestExecutionListener]
[INFO ] 2017-04-06 10:29:59.154 [DefaultTestContextBootstrapper] [main      ] - Could not instantiate TestExecutionListener [org.springframework.test.context.transaction.TransactionalTestExecutionListener]. Specify custom listener classes or make the default listener classes (and their required dependencies) available. Offending class: [org/springframework/transaction/interceptor/TransactionAttributeSource]
[INFO ] 2017-04-06 10:29:59.154 [DefaultTestContextBootstrapper] [main      ] - Could not instantiate TestExecutionListener [org.springframework.test.context.jdbc.SqlScriptsTestExecutionListener]. Specify custom listener classes or make the default listener classes (and their required dependencies) available. Offending class: [org/springframework/transaction/interceptor/TransactionAttribute]
[INFO ] 2017-04-06 10:29:59.159 [DefaultTestContextBootstrapper] [main      ] - Could not instantiate TestExecutionListener [org.springframework.test.context.web.ServletTestExecutionListener]. Specify custom listener classes or make the default listener classes (and their required dependencies) available. Offending class: [org/springframework/web/context/request/RequestAttributes]
[INFO ] 2017-04-06 10:29:59.161 [DefaultTestContextBootstrapper] [main      ] - Using TestExecutionListeners: [org.springframework.test.context.support.DependencyInjectionTestExecutionListener@969c29, org.springframework.test.context.support.DirtiesContextTestExecutionListener@1e67e6a]
[INFO ] 2017-04-06 10:29:59.326 [GenericApplicationContext] [main      ] - Refreshing org.springframework.context.support.GenericApplicationContext@1754699: startup date [Thu Apr 06 10:29:59 CST 2017]; root of context hierarchy
[INFO ] 2017-04-06 10:42:35.085 [GenericApplicationContext] [Thread-0  ] - Closing org.springframework.context.support.GenericApplicationContext@1754699: startup date [Thu Apr 06 10:29:59 CST 2017]; root of context hierarchy
